<?xml version="1.0" encoding="UTF-8"?>
<coverage generated="1788534042104" clover="3.2.0">
  <project timestamp="1788534042104" name="All files">
    <metrics statements="160" coveredstatements="98" conditionals="69" coveredconditionals="29" methods="29" coveredmethods="15" elements="258" coveredelements="142" complexity="0" loc="160" ncloc="160" packages="1" files="1" classes="1"/>
    <file name="server.js" path="/root/Enterprise-SaaS-Capstone-Project/app/src/server.js">
      <metrics statements="160" coveredstatements="98" conditionals="69" coveredconditionals="29" methods="29" coveredmethods="15"/>
      <line num="1" count="1" type="stmt"/>
      <line num="2" count="1" type="stmt"/>
      <line num="3" count="1" type="stmt"/>
      <line num="4" count="1" type="stmt"/>
      <line num="5" count="1" type="stmt"/>
      <line num="6" count="1" type="stmt"/>
      <line num="7" count="1" type="stmt"/>
      <line num="8" count="1" type="stmt"/>
      <line num="9" count="1" type="stmt"/>
      <line num="10" count="1" type="stmt"/>
      <line num="13" count="1" type="stmt"/>
      <line num="29" count="1" type="stmt"/>
      <line num="38" count="1" type="stmt"/>
      <line num="41" count="3" type="cond" truecount="2" falsecount="0"/>
      <line num="42" count="1" type="stmt"/>
      <line num="47" count="1" type="stmt"/>
      <line num="48" count="0" type="stmt"/>
      <line num="51" count="1" type="stmt"/>
      <line num="52" count="0" type="stmt"/>
      <line num="55" count="2" type="stmt"/>
      <line num="60" count="1" type="stmt"/>
      <line num="68" count="1" type="stmt"/>
      <line num="69" count="1" type="stmt"/>
      <line num="73" count="0" type="stmt"/>
      <line num="76" count="1" type="stmt"/>
      <line num="77" count="1" type="stmt"/>
      <line num="79" count="1" type="stmt"/>
      <line num="80" count="0" type="stmt"/>
      <line num="82" count="1" type="stmt"/>
      <line num="83" count="0" type="stmt"/>
      <line num="86" count="1" type="stmt"/>
      <line num="87" count="1" type="cond" truecount="2" falsecount="0"/>
      <line num="90" count="1" type="stmt"/>
      <line num="91" count="110" type="cond" truecount="2" falsecount="0"/>
      <line num="92" count="110" type="stmt"/>
      <line num="93" count="110" type="stmt"/>
      <line num="97" count="1" type="stmt"/>
      <line num="98" count="110" type="stmt"/>
      <line num="101" count="110" type="stmt"/>
      <line num="111" count="110" type="stmt"/>
      <line num="112" count="110" type="stmt"/>
      <line num="113" count="110" type="stmt"/>
      <line num="115" count="110" type="stmt"/>
      <line num="125" count="110" type="stmt"/>
      <line num="128" count="110" type="stmt"/>
      <line num="132" count="1" type="stmt"/>
      <line num="148" count="1" type="stmt"/>
      <line num="155" count="1" type="stmt"/>
      <line num="156" count="1" type="stmt"/>
      <line num="158" count="110" type="stmt"/>
      <line num="163" count="1" type="stmt"/>
      <line num="166" count="1" type="stmt"/>
      <line num="167" count="1" type="stmt"/>
      <line num="176" count="1" type="stmt"/>
      <line num="178" count="1" type="stmt"/>
      <line num="179" count="0" type="stmt"/>
      <line num="180" count="0" type="stmt"/>
      <line num="182" count="1" type="stmt"/>
      <line num="183" count="1" type="stmt"/>
      <line num="186" count="1" type="stmt"/>
      <line num="188" count="1" type="stmt"/>
      <line num="189" count="0" type="stmt"/>
      <line num="190" count="0" type="stmt"/>
      <line num="192" count="1" type="cond" truecount="1" falsecount="1"/>
      <line num="193" count="1" type="stmt"/>
      <line num="199" count="1" type="cond" truecount="1" falsecount="1"/>
      <line num="200" count="1" type="stmt"/>
      <line num="204" count="1" type="stmt"/>
      <line num="205" count="94" type="stmt"/>
      <line num="231" count="1" type="stmt"/>
      <line num="232" count="2" type="stmt"/>
      <line num="233" count="2" type="stmt"/>
      <line num="235" count="2" type="stmt"/>
      <line num="236" count="2" type="stmt"/>
      <line num="239" count="2" type="stmt"/>
      <line num="241" count="1" type="cond" truecount="1" falsecount="1"/>
      <line num="242" count="0" type="stmt"/>
      <line num="243" count="0" type="stmt"/>
      <line num="253" count="1" type="stmt"/>
      <line num="262" count="1" type="stmt"/>
      <line num="264" count="1" type="stmt"/>
      <line num="266" count="1" type="stmt"/>
      <line num="275" count="1" type="stmt"/>
      <line num="279" count="1" type="stmt"/>
      <line num="287" count="1" type="stmt"/>
      <line num="288" count="0" type="stmt"/>
      <line num="289" count="0" type="stmt"/>
      <line num="290" count="0" type="cond" truecount="0" falsecount="2"/>
      <line num="291" count="0" type="stmt"/>
      <line num="292" count="0" type="stmt"/>
      <line num="294" count="0" type="stmt"/>
      <line num="299" count="1" type="stmt"/>
      <line num="300" count="0" type="stmt"/>
      <line num="301" count="0" type="stmt"/>
      <line num="302" count="0" type="stmt"/>
      <line num="304" count="0" type="stmt"/>
      <line num="310" count="0" type="stmt"/>
      <line num="314" count="1" type="stmt"/>
      <line num="315" count="0" type="stmt"/>
      <line num="316" count="0" type="stmt"/>
      <line num="317" count="0" type="stmt"/>
      <line num="319" count="0" type="stmt"/>
      <line num="324" count="0" type="stmt"/>
      <line num="329" count="1" type="stmt"/>
      <line num="330" count="1" type="stmt"/>
      <line num="331" count="1" type="stmt"/>
      <line num="345" count="1" type="stmt"/>
      <line num="346" count="0" type="stmt"/>
      <line num="347" count="0" type="stmt"/>
      <line num="349" count="0" type="stmt"/>
      <line num="357" count="0" type="stmt"/>
      <line num="363" count="0" type="stmt"/>
      <line num="373" count="1" type="stmt"/>
      <line num="374" count="1" type="cond" truecount="1" falsecount="1"/>
      <line num="376" count="1" type="cond" truecount="1" falsecount="3"/>
      <line num="378" count="0" type="stmt"/>
      <line num="379" count="0" type="stmt"/>
      <line num="381" count="0" type="stmt"/>
      <line num="383" count="0" type="stmt"/>
      <line num="384" count="0" type="stmt"/>
      <line num="385" count="0" type="stmt"/>
      <line num="387" count="0" type="stmt"/>
      <line num="388" count="0" type="stmt"/>
      <line num="391" count="0" type="stmt"/>
      <line num="392" count="0" type="stmt"/>
      <line num="393" count="0" type="stmt"/>
      <line num="395" count="1" type="stmt"/>
      <line num="396" count="1" type="stmt"/>
      <line num="401" count="1" type="stmt"/>
      <line num="402" count="0" type="stmt"/>
      <line num="403" count="0" type="stmt"/>
      <line num="404" count="0" type="cond" truecount="0" falsecount="2"/>
      <line num="406" count="0" type="stmt"/>
      <line num="407" count="0" type="stmt"/>
      <line num="442" count="1" type="stmt"/>
      <line num="443" count="1" type="stmt"/>
      <line num="451" count="1" type="stmt"/>
      <line num="459" count="1" type="stmt"/>
      <line num="460" count="1" type="stmt"/>
      <line num="466" count="1" type="stmt"/>
      <line num="474" count="1" type="stmt"/>
      <line num="476" count="1" type="stmt"/>
      <line num="477" count="0" type="cond" truecount="0" falsecount="2"/>
      <line num="478" count="0" type="stmt"/>
      <line num="480" count="0" type="stmt"/>
      <line num="483" count="0" type="stmt"/>
      <line num="484" count="0" type="stmt"/>
      <line num="488" count="0" type="stmt"/>
      <line num="489" count="0" type="stmt"/>
      <line num="490" count="0" type="stmt"/>
      <line num="491" count="0" type="stmt"/>
      <line num="493" count="0" type="stmt"/>
      <line num="497" count="0" type="stmt"/>
      <line num="498" count="0" type="stmt"/>
      <line num="501" count="1" type="stmt"/>
      <line num="502" count="1" type="stmt"/>
      <line num="505" count="1" type="cond" truecount="1" falsecount="1"/>
      <line num="506" count="0" type="stmt"/>
      <line num="507" count="0" type="stmt"/>
      <line num="515" count="1" type="stmt"/>
    </file>
  </project>
</coverage>
