{"/root/Enterprise-SaaS-Capstone-Project/app/src/server.js": {"path":"/root/Enterprise-SaaS-Capstone-Project/app/src/server.js","statementMap":{"0":{"start":{"line":1,"column":16},"end":{"line":1,"column":34}},"1":{"start":{"line":2,"column":15},"end":{"line":2,"column":32}},"2":{"start":{"line":3,"column":13},"end":{"line":3,"column":28}},"3":{"start":{"line":4,"column":15},"end":{"line":4,"column":32}},"4":{"start":{"line":5,"column":25},"end":{"line":5,"column":41}},"5":{"start":{"line":6,"column":18},"end":{"line":6,"column":47}},"6":{"start":{"line":7,"column":23},"end":{"line":7,"column":41}},"7":{"start":{"line":8,"column":23},"end":{"line":8,"column":38}},"8":{"start":{"line":9,"column":16},"end":{"line":9,"column":34}},"9":{"start":{"line":10,"column":14},"end":{"line":10,"column":30}},"10":{"start":{"line":13,"column":15},"end":{"line":26,"column":2}},"11":{"start":{"line":29,"column":16},"end":{"line":35,"column":2}},"12":{"start":{"line":38,"column":18},"end":{"line":57,"column":1}},"13":{"start":{"line":41,"column":4},"end":{"line":54,"column":5}},"14":{"start":{"line":42,"column":6},"end":{"line":45,"column":9}},"15":{"start":{"line":47,"column":6},"end":{"line":49,"column":8}},"16":{"start":{"line":48,"column":8},"end":{"line":48,"column":66}},"17":{"start":{"line":51,"column":6},"end":{"line":53,"column":8}},"18":{"start":{"line":52,"column":8},"end":{"line":52,"column":70}},"19":{"start":{"line":55,"column":4},"end":{"line":55,"column":28}},"20":{"start":{"line":60,"column":30},"end":{"line":66,"column":1}},"21":{"start":{"line":68,"column":27},"end":{"line":74,"column":25}},"22":{"start":{"line":69,"column":19},"end":{"line":72,"column":3}},"23":{"start":{"line":73,"column":2},"end":{"line":73,"column":23}},"24":{"start":{"line":76,"column":0},"end":{"line":78,"column":2}},"25":{"start":{"line":77,"column":2},"end":{"line":77,"column":56}},"26":{"start":{"line":79,"column":0},"end":{"line":81,"column":2}},"27":{"start":{"line":80,"column":2},"end":{"line":80,"column":56}},"28":{"start":{"line":82,"column":0},"end":{"line":84,"column":2}},"29":{"start":{"line":83,"column":2},"end":{"line":83,"column":59}},"30":{"start":{"line":86,"column":12},"end":{"line":86,"column":21}},"31":{"start":{"line":87,"column":13},"end":{"line":87,"column":37}},"32":{"start":{"line":90,"column":0},"end":{"line":94,"column":3}},"33":{"start":{"line":91,"column":2},"end":{"line":91,"column":51}},"34":{"start":{"line":92,"column":2},"end":{"line":92,"column":40}},"35":{"start":{"line":93,"column":2},"end":{"line":93,"column":9}},"36":{"start":{"line":97,"column":0},"end":{"line":129,"column":3}},"37":{"start":{"line":98,"column":20},"end":{"line":98,"column":30}},"38":{"start":{"line":101,"column":2},"end":{"line":108,"column":5}},"39":{"start":{"line":111,"column":23},"end":{"line":111,"column":31}},"40":{"start":{"line":112,"column":2},"end":{"line":126,"column":4}},"41":{"start":{"line":113,"column":25},"end":{"line":113,"column":47}},"42":{"start":{"line":115,"column":4},"end":{"line":123,"column":7}},"43":{"start":{"line":125,"column":4},"end":{"line":125,"column":34}},"44":{"start":{"line":128,"column":2},"end":{"line":128,"column":9}},"45":{"start":{"line":132,"column":0},"end":{"line":146,"column":4}},"46":{"start":{"line":148,"column":0},"end":{"line":153,"column":4}},"47":{"start":{"line":155,"column":0},"end":{"line":155,"column":24}},"48":{"start":{"line":156,"column":0},"end":{"line":160,"column":4}},"49":{"start":{"line":158,"column":24},"end":{"line":158,"column":51}},"50":{"start":{"line":163,"column":0},"end":{"line":163,"column":17}},"51":{"start":{"line":166,"column":0},"end":{"line":201,"column":3}},"52":{"start":{"line":167,"column":17},"end":{"line":174,"column":3}},"53":{"start":{"line":176,"column":2},"end":{"line":184,"column":3}},"54":{"start":{"line":178,"column":24},"end":{"line":178,"column":46}},"55":{"start":{"line":179,"column":4},"end":{"line":179,"column":29}},"56":{"start":{"line":180,"column":4},"end":{"line":180,"column":42}},"57":{"start":{"line":182,"column":4},"end":{"line":182,"column":44}},"58":{"start":{"line":183,"column":4},"end":{"line":183,"column":72}},"59":{"start":{"line":186,"column":2},"end":{"line":197,"column":3}},"60":{"start":{"line":188,"column":19},"end":{"line":188,"column":50}},"61":{"start":{"line":189,"column":4},"end":{"line":189,"column":48}},"62":{"start":{"line":190,"column":4},"end":{"line":190,"column":45}},"63":{"start":{"line":192,"column":4},"end":{"line":192,"column":95}},"64":{"start":{"line":193,"column":4},"end":{"line":196,"column":7}},"65":{"start":{"line":199,"column":24},"end":{"line":199,"column":98}},"66":{"start":{"line":199,"column":70},"end":{"line":199,"column":85}},"67":{"start":{"line":200,"column":2},"end":{"line":200,"column":41}},"68":{"start":{"line":204,"column":0},"end":{"line":228,"column":3}},"69":{"start":{"line":205,"column":2},"end":{"line":227,"column":5}},"70":{"start":{"line":231,"column":0},"end":{"line":285,"column":3}},"71":{"start":{"line":232,"column":19},"end":{"line":232,"column":33}},"72":{"start":{"line":233,"column":19},"end":{"line":233,"column":22}},"73":{"start":{"line":235,"column":2},"end":{"line":284,"column":3}},"74":{"start":{"line":236,"column":24},"end":{"line":236,"column":46}},"75":{"start":{"line":239,"column":23},"end":{"line":239,"column":54}},"76":{"start":{"line":241,"column":4},"end":{"line":250,"column":5}},"77":{"start":{"line":242,"column":6},"end":{"line":242,"column":68}},"78":{"start":{"line":243,"column":6},"end":{"line":249,"column":9}},"79":{"start":{"line":253,"column":21},"end":{"line":259,"column":5}},"80":{"start":{"line":262,"column":4},"end":{"line":262,"column":74}},"81":{"start":{"line":264,"column":4},"end":{"line":264,"column":75}},"82":{"start":{"line":266,"column":4},"end":{"line":272,"column":7}},"83":{"start":{"line":275,"column":4},"end":{"line":278,"column":7}},"84":{"start":{"line":279,"column":4},"end":{"line":283,"column":7}},"85":{"start":{"line":287,"column":0},"end":{"line":296,"column":3}},"86":{"start":{"line":288,"column":2},"end":{"line":295,"column":3}},"87":{"start":{"line":289,"column":24},"end":{"line":289,"column":46}},"88":{"start":{"line":290,"column":16},"end":{"line":290,"column":44}},"89":{"start":{"line":291,"column":4},"end":{"line":291,"column":75}},"90":{"start":{"line":292,"column":4},"end":{"line":292,"column":74}},"91":{"start":{"line":294,"column":4},"end":{"line":294,"column":51}},"92":{"start":{"line":299,"column":0},"end":{"line":312,"column":3}},"93":{"start":{"line":300,"column":2},"end":{"line":311,"column":3}},"94":{"start":{"line":301,"column":24},"end":{"line":301,"column":46}},"95":{"start":{"line":302,"column":18},"end":{"line":302,"column":55}},"96":{"start":{"line":304,"column":4},"end":{"line":308,"column":7}},"97":{"start":{"line":310,"column":4},"end":{"line":310,"column":51}},"98":{"start":{"line":314,"column":0},"end":{"line":326,"column":3}},"99":{"start":{"line":315,"column":2},"end":{"line":325,"column":3}},"100":{"start":{"line":316,"column":24},"end":{"line":316,"column":46}},"101":{"start":{"line":317,"column":20},"end":{"line":317,"column":57}},"102":{"start":{"line":319,"column":4},"end":{"line":322,"column":7}},"103":{"start":{"line":324,"column":4},"end":{"line":324,"column":51}},"104":{"start":{"line":329,"column":0},"end":{"line":342,"column":3}},"105":{"start":{"line":330,"column":16},"end":{"line":330,"column":40}},"106":{"start":{"line":331,"column":2},"end":{"line":341,"column":5}},"107":{"start":{"line":345,"column":0},"end":{"line":370,"column":3}},"108":{"start":{"line":346,"column":2},"end":{"line":369,"column":3}},"109":{"start":{"line":347,"column":19},"end":{"line":347,"column":50}},"110":{"start":{"line":349,"column":4},"end":{"line":355,"column":7}},"111":{"start":{"line":357,"column":4},"end":{"line":361,"column":7}},"112":{"start":{"line":363,"column":4},"end":{"line":368,"column":7}},"113":{"start":{"line":373,"column":0},"end":{"line":398,"column":3}},"114":{"start":{"line":374,"column":20},"end":{"line":374,"column":46}},"115":{"start":{"line":376,"column":2},"end":{"line":397,"column":3}},"116":{"start":{"line":378,"column":6},"end":{"line":380,"column":15}},"117":{"start":{"line":379,"column":8},"end":{"line":379,"column":59}},"118":{"start":{"line":381,"column":6},"end":{"line":381,"column":12}},"119":{"start":{"line":383,"column":25},"end":{"line":383,"column":27}},"120":{"start":{"line":384,"column":6},"end":{"line":386,"column":7}},"121":{"start":{"line":384,"column":18},"end":{"line":384,"column":19}},"122":{"start":{"line":385,"column":8},"end":{"line":385,"column":51}},"123":{"start":{"line":387,"column":6},"end":{"line":387,"column":83}},"124":{"start":{"line":388,"column":6},"end":{"line":388,"column":12}},"125":{"start":{"line":391,"column":6},"end":{"line":391,"column":32}},"126":{"start":{"line":392,"column":6},"end":{"line":392,"column":63}},"127":{"start":{"line":393,"column":6},"end":{"line":393,"column":12}},"128":{"start":{"line":395,"column":6},"end":{"line":395,"column":79}},"129":{"start":{"line":396,"column":6},"end":{"line":396,"column":60}},"130":{"start":{"line":401,"column":0},"end":{"line":439,"column":3}},"131":{"start":{"line":402,"column":22},"end":{"line":402,"column":44}},"132":{"start":{"line":403,"column":15},"end":{"line":403,"column":47}},"133":{"start":{"line":404,"column":21},"end":{"line":404,"column":89}},"134":{"start":{"line":404,"column":51},"end":{"line":404,"column":82}},"135":{"start":{"line":406,"column":2},"end":{"line":406,"column":40}},"136":{"start":{"line":407,"column":2},"end":{"line":438,"column":5}},"137":{"start":{"line":442,"column":0},"end":{"line":456,"column":3}},"138":{"start":{"line":443,"column":2},"end":{"line":449,"column":5}},"139":{"start":{"line":451,"column":2},"end":{"line":455,"column":5}},"140":{"start":{"line":459,"column":0},"end":{"line":471,"column":3}},"141":{"start":{"line":460,"column":2},"end":{"line":464,"column":5}},"142":{"start":{"line":466,"column":2},"end":{"line":470,"column":5}},"143":{"start":{"line":474,"column":21},"end":{"line":474,"column":26}},"144":{"start":{"line":476,"column":25},"end":{"line":499,"column":1}},"145":{"start":{"line":477,"column":2},"end":{"line":477,"column":29}},"146":{"start":{"line":477,"column":22},"end":{"line":477,"column":29}},"147":{"start":{"line":478,"column":2},"end":{"line":478,"column":24}},"148":{"start":{"line":480,"column":2},"end":{"line":480,"column":62}},"149":{"start":{"line":483,"column":2},"end":{"line":485,"column":5}},"150":{"start":{"line":484,"column":4},"end":{"line":484,"column":38}},"151":{"start":{"line":488,"column":2},"end":{"line":495,"column":3}},"152":{"start":{"line":489,"column":4},"end":{"line":494,"column":5}},"153":{"start":{"line":490,"column":6},"end":{"line":490,"column":26}},"154":{"start":{"line":491,"column":6},"end":{"line":491,"column":51}},"155":{"start":{"line":493,"column":6},"end":{"line":493,"column":85}},"156":{"start":{"line":497,"column":2},"end":{"line":497,"column":45}},"157":{"start":{"line":498,"column":2},"end":{"line":498,"column":18}},"158":{"start":{"line":501,"column":0},"end":{"line":501,"column":40}},"159":{"start":{"line":502,"column":0},"end":{"line":502,"column":39}},"160":{"start":{"line":505,"column":0},"end":{"line":513,"column":1}},"161":{"start":{"line":506,"column":2},"end":{"line":512,"column":5}},"162":{"start":{"line":507,"column":4},"end":{"line":511,"column":7}},"163":{"start":{"line":515,"column":0},"end":{"line":515,"column":21}}},"fnMap":{"0":{"name":"(anonymous_0)","decl":{"start":{"line":40,"column":13},"end":{"line":40,"column":14}},"loc":{"start":{"line":40,"column":30},"end":{"line":56,"column":3}},"line":40},"1":{"name":"(anonymous_1)","decl":{"start":{"line":47,"column":35},"end":{"line":47,"column":36}},"loc":{"start":{"line":48,"column":8},"end":{"line":48,"column":66}},"line":48},"2":{"name":"(anonymous_2)","decl":{"start":{"line":51,"column":39},"end":{"line":51,"column":40}},"loc":{"start":{"line":52,"column":8},"end":{"line":52,"column":70}},"line":52},"3":{"name":"(anonymous_3)","decl":{"start":{"line":68,"column":46},"end":{"line":68,"column":47}},"loc":{"start":{"line":68,"column":58},"end":{"line":74,"column":1}},"line":68},"4":{"name":"(anonymous_4)","decl":{"start":{"line":76,"column":30},"end":{"line":76,"column":31}},"loc":{"start":{"line":77,"column":2},"end":{"line":77,"column":56}},"line":77},"5":{"name":"(anonymous_5)","decl":{"start":{"line":79,"column":31},"end":{"line":79,"column":32}},"loc":{"start":{"line":80,"column":2},"end":{"line":80,"column":56}},"line":80},"6":{"name":"(anonymous_6)","decl":{"start":{"line":82,"column":34},"end":{"line":82,"column":35}},"loc":{"start":{"line":83,"column":2},"end":{"line":83,"column":59}},"line":83},"7":{"name":"(anonymous_7)","decl":{"start":{"line":90,"column":8},"end":{"line":90,"column":9}},"loc":{"start":{"line":90,"column":28},"end":{"line":94,"column":1}},"line":90},"8":{"name":"(anonymous_8)","decl":{"start":{"line":97,"column":8},"end":{"line":97,"column":9}},"loc":{"start":{"line":97,"column":28},"end":{"line":129,"column":1}},"line":97},"9":{"name":"(anonymous_9)","decl":{"start":{"line":112,"column":13},"end":{"line":112,"column":14}},"loc":{"start":{"line":112,"column":28},"end":{"line":126,"column":3}},"line":112},"10":{"name":"(anonymous_10)","decl":{"start":{"line":158,"column":11},"end":{"line":158,"column":12}},"loc":{"start":{"line":158,"column":24},"end":{"line":158,"column":51}},"line":158},"11":{"name":"(anonymous_11)","decl":{"start":{"line":166,"column":19},"end":{"line":166,"column":20}},"loc":{"start":{"line":166,"column":39},"end":{"line":201,"column":1}},"line":166},"12":{"name":"(anonymous_12)","decl":{"start":{"line":199,"column":65},"end":{"line":199,"column":66}},"loc":{"start":{"line":199,"column":70},"end":{"line":199,"column":85}},"line":199},"13":{"name":"(anonymous_13)","decl":{"start":{"line":204,"column":13},"end":{"line":204,"column":14}},"loc":{"start":{"line":204,"column":27},"end":{"line":228,"column":1}},"line":204},"14":{"name":"(anonymous_14)","decl":{"start":{"line":231,"column":28},"end":{"line":231,"column":29}},"loc":{"start":{"line":231,"column":48},"end":{"line":285,"column":1}},"line":231},"15":{"name":"(anonymous_15)","decl":{"start":{"line":287,"column":31},"end":{"line":287,"column":32}},"loc":{"start":{"line":287,"column":51},"end":{"line":296,"column":1}},"line":287},"16":{"name":"(anonymous_16)","decl":{"start":{"line":299,"column":30},"end":{"line":299,"column":31}},"loc":{"start":{"line":299,"column":50},"end":{"line":312,"column":1}},"line":299},"17":{"name":"(anonymous_17)","decl":{"start":{"line":314,"column":33},"end":{"line":314,"column":34}},"loc":{"start":{"line":314,"column":53},"end":{"line":326,"column":1}},"line":314},"18":{"name":"(anonymous_18)","decl":{"start":{"line":329,"column":34},"end":{"line":329,"column":35}},"loc":{"start":{"line":329,"column":48},"end":{"line":342,"column":1}},"line":329},"19":{"name":"(anonymous_19)","decl":{"start":{"line":345,"column":28},"end":{"line":345,"column":29}},"loc":{"start":{"line":345,"column":48},"end":{"line":370,"column":1}},"line":345},"20":{"name":"(anonymous_20)","decl":{"start":{"line":373,"column":25},"end":{"line":373,"column":26}},"loc":{"start":{"line":373,"column":39},"end":{"line":398,"column":1}},"line":373},"21":{"name":"(anonymous_21)","decl":{"start":{"line":378,"column":17},"end":{"line":378,"column":18}},"loc":{"start":{"line":378,"column":23},"end":{"line":380,"column":7}},"line":378},"22":{"name":"(anonymous_22)","decl":{"start":{"line":401,"column":20},"end":{"line":401,"column":21}},"loc":{"start":{"line":401,"column":40},"end":{"line":439,"column":1}},"line":401},"23":{"name":"(anonymous_23)","decl":{"start":{"line":404,"column":43},"end":{"line":404,"column":44}},"loc":{"start":{"line":404,"column":51},"end":{"line":404,"column":82}},"line":404},"24":{"name":"(anonymous_24)","decl":{"start":{"line":442,"column":8},"end":{"line":442,"column":9}},"loc":{"start":{"line":442,"column":33},"end":{"line":456,"column":1}},"line":442},"25":{"name":"(anonymous_25)","decl":{"start":{"line":459,"column":8},"end":{"line":459,"column":9}},"loc":{"start":{"line":459,"column":22},"end":{"line":471,"column":1}},"line":459},"26":{"name":"(anonymous_26)","decl":{"start":{"line":476,"column":25},"end":{"line":476,"column":26}},"loc":{"start":{"line":476,"column":37},"end":{"line":499,"column":1}},"line":476},"27":{"name":"(anonymous_27)","decl":{"start":{"line":483,"column":15},"end":{"line":483,"column":16}},"loc":{"start":{"line":483,"column":21},"end":{"line":485,"column":3}},"line":483},"28":{"name":"(anonymous_28)","decl":{"start":{"line":506,"column":28},"end":{"line":506,"column":29}},"loc":{"start":{"line":506,"column":34},"end":{"line":512,"column":3}},"line":506}},"branchMap":{"0":{"loc":{"start":{"line":14,"column":9},"end":{"line":14,"column":40}},"type":"binary-expr","locations":[{"start":{"line":14,"column":9},"end":{"line":14,"column":30}},{"start":{"line":14,"column":34},"end":{"line":14,"column":40}}],"line":14},"1":{"loc":{"start":{"line":40,"column":22},"end":{"line":40,"column":28}},"type":"default-arg","locations":[{"start":{"line":40,"column":27},"end":{"line":40,"column":28}}],"line":40},"2":{"loc":{"start":{"line":41,"column":4},"end":{"line":54,"column":5}},"type":"if","locations":[{"start":{"line":41,"column":4},"end":{"line":54,"column":5}},{"start":{},"end":{}}],"line":41},"3":{"loc":{"start":{"line":43,"column":13},"end":{"line":43,"column":62}},"type":"binary-expr","locations":[{"start":{"line":43,"column":13},"end":{"line":43,"column":34}},{"start":{"line":43,"column":38},"end":{"line":43,"column":62}}],"line":43},"4":{"loc":{"start":{"line":70,"column":4},"end":{"line":70,"column":70}},"type":"binary-expr","locations":[{"start":{"line":70,"column":4},"end":{"line":70,"column":32}},{"start":{"line":70,"column":36},"end":{"line":70,"column":70}}],"line":70},"5":{"loc":{"start":{"line":87,"column":13},"end":{"line":87,"column":37}},"type":"binary-expr","locations":[{"start":{"line":87,"column":13},"end":{"line":87,"column":29}},{"start":{"line":87,"column":33},"end":{"line":87,"column":37}}],"line":87},"6":{"loc":{"start":{"line":91,"column":11},"end":{"line":91,"column":50}},"type":"binary-expr","locations":[{"start":{"line":91,"column":11},"end":{"line":91,"column":38}},{"start":{"line":91,"column":42},"end":{"line":91,"column":50}}],"line":91},"7":{"loc":{"start":{"line":121,"column":21},"end":{"line":121,"column":89}},"type":"binary-expr","locations":[{"start":{"line":121,"column":21},"end":{"line":121,"column":46}},{"start":{"line":121,"column":50},"end":{"line":121,"column":89}}],"line":121},"8":{"loc":{"start":{"line":149,"column":10},"end":{"line":149,"column":84}},"type":"cond-expr","locations":[{"start":{"line":149,"column":40},"end":{"line":149,"column":78}},{"start":{"line":149,"column":81},"end":{"line":149,"column":84}}],"line":149},"9":{"loc":{"start":{"line":171,"column":13},"end":{"line":171,"column":47}},"type":"binary-expr","locations":[{"start":{"line":171,"column":13},"end":{"line":171,"column":36}},{"start":{"line":171,"column":40},"end":{"line":171,"column":47}}],"line":171},"10":{"loc":{"start":{"line":192,"column":38},"end":{"line":192,"column":94}},"type":"cond-expr","locations":[{"start":{"line":192,"column":66},"end":{"line":192,"column":80}},{"start":{"line":192,"column":83},"end":{"line":192,"column":94}}],"line":192},"11":{"loc":{"start":{"line":195,"column":20},"end":{"line":195,"column":65}},"type":"cond-expr","locations":[{"start":{"line":195,"column":48},"end":{"line":195,"column":54}},{"start":{"line":195,"column":57},"end":{"line":195,"column":65}}],"line":195},"12":{"loc":{"start":{"line":199,"column":24},"end":{"line":199,"column":98}},"type":"cond-expr","locations":[{"start":{"line":199,"column":89},"end":{"line":199,"column":92}},{"start":{"line":199,"column":95},"end":{"line":199,"column":98}}],"line":199},"13":{"loc":{"start":{"line":207,"column":17},"end":{"line":207,"column":54}},"type":"binary-expr","locations":[{"start":{"line":207,"column":17},"end":{"line":207,"column":37}},{"start":{"line":207,"column":41},"end":{"line":207,"column":54}}],"line":207},"14":{"loc":{"start":{"line":241,"column":4},"end":{"line":250,"column":5}},"type":"if","locations":[{"start":{"line":241,"column":4},"end":{"line":250,"column":5}},{"start":{},"end":{}}],"line":241},"15":{"loc":{"start":{"line":290,"column":16},"end":{"line":290,"column":44}},"type":"binary-expr","locations":[{"start":{"line":290,"column":16},"end":{"line":290,"column":37}},{"start":{"line":290,"column":41},"end":{"line":290,"column":44}}],"line":290},"16":{"loc":{"start":{"line":306,"column":13},"end":{"line":306,"column":45}},"type":"cond-expr","locations":[{"start":{"line":306,"column":21},"end":{"line":306,"column":38}},{"start":{"line":306,"column":41},"end":{"line":306,"column":45}}],"line":306},"17":{"loc":{"start":{"line":332,"column":18},"end":{"line":332,"column":63}},"type":"cond-expr","locations":[{"start":{"line":332,"column":46},"end":{"line":332,"column":52}},{"start":{"line":332,"column":55},"end":{"line":332,"column":63}}],"line":332},"18":{"loc":{"start":{"line":338,"column":17},"end":{"line":338,"column":95}},"type":"cond-expr","locations":[{"start":{"line":338,"column":35},"end":{"line":338,"column":88}},{"start":{"line":338,"column":91},"end":{"line":338,"column":95}}],"line":338},"19":{"loc":{"start":{"line":340,"column":17},"end":{"line":340,"column":85}},"type":"cond-expr","locations":[{"start":{"line":340,"column":37},"end":{"line":340,"column":78}},{"start":{"line":340,"column":81},"end":{"line":340,"column":85}}],"line":340},"20":{"loc":{"start":{"line":353,"column":20},"end":{"line":353,"column":65}},"type":"cond-expr","locations":[{"start":{"line":353,"column":48},"end":{"line":353,"column":54}},{"start":{"line":353,"column":57},"end":{"line":353,"column":65}}],"line":353},"21":{"loc":{"start":{"line":360,"column":20},"end":{"line":360,"column":65}},"type":"cond-expr","locations":[{"start":{"line":360,"column":48},"end":{"line":360,"column":54}},{"start":{"line":360,"column":57},"end":{"line":360,"column":65}}],"line":360},"22":{"loc":{"start":{"line":366,"column":20},"end":{"line":366,"column":65}},"type":"cond-expr","locations":[{"start":{"line":366,"column":48},"end":{"line":366,"column":54}},{"start":{"line":366,"column":57},"end":{"line":366,"column":65}}],"line":366},"23":{"loc":{"start":{"line":374,"column":20},"end":{"line":374,"column":46}},"type":"binary-expr","locations":[{"start":{"line":374,"column":20},"end":{"line":374,"column":34}},{"start":{"line":374,"column":38},"end":{"line":374,"column":46}}],"line":374},"24":{"loc":{"start":{"line":376,"column":2},"end":{"line":397,"column":3}},"type":"switch","locations":[{"start":{"line":377,"column":4},"end":{"line":381,"column":12}},{"start":{"line":382,"column":4},"end":{"line":389,"column":5}},{"start":{"line":390,"column":4},"end":{"line":393,"column":12}},{"start":{"line":394,"column":4},"end":{"line":396,"column":60}}],"line":376},"25":{"loc":{"start":{"line":404,"column":21},"end":{"line":404,"column":89}},"type":"binary-expr","locations":[{"start":{"line":404,"column":21},"end":{"line":404,"column":83}},{"start":{"line":404,"column":87},"end":{"line":404,"column":89}}],"line":404},"26":{"loc":{"start":{"line":416,"column":23},"end":{"line":416,"column":57}},"type":"binary-expr","locations":[{"start":{"line":416,"column":23},"end":{"line":416,"column":46}},{"start":{"line":416,"column":50},"end":{"line":416,"column":57}}],"line":416},"27":{"loc":{"start":{"line":424,"column":24},"end":{"line":424,"column":57}},"type":"cond-expr","locations":[{"start":{"line":424,"column":52},"end":{"line":424,"column":53}},{"start":{"line":424,"column":56},"end":{"line":424,"column":57}}],"line":424},"28":{"loc":{"start":{"line":428,"column":21},"end":{"line":428,"column":50}},"type":"binary-expr","locations":[{"start":{"line":428,"column":21},"end":{"line":428,"column":45}},{"start":{"line":428,"column":49},"end":{"line":428,"column":50}}],"line":428},"29":{"loc":{"start":{"line":452,"column":11},"end":{"line":452,"column":88}},"type":"cond-expr","locations":[{"start":{"line":452,"column":51},"end":{"line":452,"column":74}},{"start":{"line":452,"column":77},"end":{"line":452,"column":88}}],"line":452},"30":{"loc":{"start":{"line":477,"column":2},"end":{"line":477,"column":29}},"type":"if","locations":[{"start":{"line":477,"column":2},"end":{"line":477,"column":29}},{"start":{},"end":{}}],"line":477},"31":{"loc":{"start":{"line":505,"column":0},"end":{"line":513,"column":1}},"type":"if","locations":[{"start":{"line":505,"column":0},"end":{"line":513,"column":1}},{"start":{},"end":{}}],"line":505},"32":{"loc":{"start":{"line":508,"column":19},"end":{"line":508,"column":56}},"type":"binary-expr","locations":[{"start":{"line":508,"column":19},"end":{"line":508,"column":39}},{"start":{"line":508,"column":43},"end":{"line":508,"column":56}}],"line":508},"33":{"loc":{"start":{"line":509,"column":15},"end":{"line":509,"column":49}},"type":"binary-expr","locations":[{"start":{"line":509,"column":15},"end":{"line":509,"column":38}},{"start":{"line":509,"column":42},"end":{"line":509,"column":49}}],"line":509}},"s":{"0":1,"1":1,"2":1,"3":1,"4":1,"5":1,"6":1,"7":1,"8":1,"9":1,"10":1,"11":1,"12":1,"13":3,"14":1,"15":1,"16":0,"17":1,"18":0,"19":2,"20":1,"21":1,"22":1,"23":0,"24":1,"25":1,"26":1,"27":0,"28":1,"29":0,"30":1,"31":1,"32":1,"33":110,"34":110,"35":110,"36":1,"37":110,"38":110,"39":110,"40":110,"41":110,"42":110,"43":110,"44":110,"45":1,"46":1,"47":1,"48":1,"49":110,"50":1,"51":1,"52":1,"53":1,"54":1,"55":0,"56":0,"57":1,"58":1,"59":1,"60":1,"61":0,"62":0,"63":1,"64":1,"65":1,"66":1,"67":1,"68":1,"69":94,"70":1,"71":2,"72":2,"73":2,"74":2,"75":2,"76":1,"77":0,"78":0,"79":1,"80":1,"81":1,"82":1,"83":1,"84":1,"85":1,"86":0,"87":0,"88":0,"89":0,"90":0,"91":0,"92":1,"93":0,"94":0,"95":0,"96":0,"97":0,"98":1,"99":0,"100":0,"101":0,"102":0,"103":0,"104":1,"105":1,"106":1,"107":1,"108":0,"109":0,"110":0,"111":0,"112":0,"113":1,"114":1,"115":1,"116":0,"117":0,"118":0,"119":0,"120":0,"121":0,"122":0,"123":0,"124":0,"125":0,"126":0,"127":0,"128":1,"129":1,"130":1,"131":0,"132":0,"133":0,"134":0,"135":0,"136":0,"137":1,"138":1,"139":1,"140":1,"141":1,"142":1,"143":1,"144":1,"145":0,"146":0,"147":0,"148":0,"149":0,"150":0,"151":0,"152":0,"153":0,"154":0,"155":0,"156":0,"157":0,"158":1,"159":1,"160":1,"161":0,"162":0,"163":1},"f":{"0":3,"1":0,"2":0,"3":1,"4":1,"5":0,"6":0,"7":110,"8":110,"9":110,"10":110,"11":1,"12":1,"13":94,"14":2,"15":0,"16":0,"17":0,"18":1,"19":0,"20":1,"21":0,"22":0,"23":0,"24":1,"25":1,"26":0,"27":0,"28":0},"b":{"0":[1,1],"1":[0],"2":[1,2],"3":[1,1],"4":[1,1],"5":[1,1],"6":[110,109],"7":[110,110],"8":[0,1],"9":[1,1],"10":[1,0],"11":[1,0],"12":[0,1],"13":[94,0],"14":[0,1],"15":[0,0],"16":[0,0],"17":[1,0],"18":[1,0],"19":[0,1],"20":[0,0],"21":[0,0],"22":[0,0],"23":[1,0],"24":[0,0,0,1],"25":[0,0],"26":[0,0],"27":[0,0],"28":[0,0],"29":[0,1],"30":[0,0],"31":[0,1],"32":[0,0],"33":[0,0]},"_coverageSchema":"1a1c01bbd47fc00a2c39e90264f33305004495a9","hash":"050d0b77e92136581316d4cec02cb217e589a397"}
}
