TN:
SF:server.js
FN:40,(anonymous_0)
FN:47,(anonymous_1)
FN:51,(anonymous_2)
FN:68,(anonymous_3)
FN:76,(anonymous_4)
FN:79,(anonymous_5)
FN:82,(anonymous_6)
FN:90,(anonymous_7)
FN:97,(anonymous_8)
FN:112,(anonymous_9)
FN:158,(anonymous_10)
FN:166,(anonymous_11)
FN:199,(anonymous_12)
FN:204,(anonymous_13)
FN:231,(anonymous_14)
FN:287,(anonymous_15)
FN:299,(anonymous_16)
FN:314,(anonymous_17)
FN:329,(anonymous_18)
FN:345,(anonymous_19)
FN:373,(anonymous_20)
FN:378,(anonymous_21)
FN:401,(anonymous_22)
FN:404,(anonymous_23)
FN:442,(anonymous_24)
FN:459,(anonymous_25)
FN:476,(anonymous_26)
FN:483,(anonymous_27)
FN:506,(anonymous_28)
FNF:29
FNH:15
FNDA:3,(anonymous_0)
FNDA:0,(anonymous_1)
FNDA:0,(anonymous_2)
FNDA:1,(anonymous_3)
FNDA:1,(anonymous_4)
FNDA:0,(anonymous_5)
FNDA:0,(anonymous_6)
FNDA:110,(anonymous_7)
FNDA:110,(anonymous_8)
FNDA:110,(anonymous_9)
FNDA:110,(anonymous_10)
FNDA:1,(anonymous_11)
FNDA:1,(anonymous_12)
FNDA:94,(anonymous_13)
FNDA:2,(anonymous_14)
FNDA:0,(anonymous_15)
FNDA:0,(anonymous_16)
FNDA:0,(anonymous_17)
FNDA:1,(anonymous_18)
FNDA:0,(anonymous_19)
FNDA:1,(anonymous_20)
FNDA:0,(anonymous_21)
FNDA:0,(anonymous_22)
FNDA:0,(anonymous_23)
FNDA:1,(anonymous_24)
FNDA:1,(anonymous_25)
FNDA:0,(anonymous_26)
FNDA:0,(anonymous_27)
FNDA:0,(anonymous_28)
DA:1,1
DA:2,1
DA:3,1
DA:4,1
DA:5,1
DA:6,1
DA:7,1
DA:8,1
DA:9,1
DA:10,1
DA:13,1
DA:29,1
DA:38,1
DA:41,3
DA:42,1
DA:47,1
DA:48,0
DA:51,1
DA:52,0
DA:55,2
DA:60,1
DA:68,1
DA:69,1
DA:73,0
DA:76,1
DA:77,1
DA:79,1
DA:80,0
DA:82,1
DA:83,0
DA:86,1
DA:87,1
DA:90,1
DA:91,110
DA:92,110
DA:93,110
DA:97,1
DA:98,110
DA:101,110
DA:111,110
DA:112,110
DA:113,110
DA:115,110
DA:125,110
DA:128,110
DA:132,1
DA:148,1
DA:155,1
DA:156,1
DA:158,110
DA:163,1
DA:166,1
DA:167,1
DA:176,1
DA:178,1
DA:179,0
DA:180,0
DA:182,1
DA:183,1
DA:186,1
DA:188,1
DA:189,0
DA:190,0
DA:192,1
DA:193,1
DA:199,1
DA:200,1
DA:204,1
DA:205,94
DA:231,1
DA:232,2
DA:233,2
DA:235,2
DA:236,2
DA:239,2
DA:241,1
DA:242,0
DA:243,0
DA:253,1
DA:262,1
DA:264,1
DA:266,1
DA:275,1
DA:279,1
DA:287,1
DA:288,0
DA:289,0
DA:290,0
DA:291,0
DA:292,0
DA:294,0
DA:299,1
DA:300,0
DA:301,0
DA:302,0
DA:304,0
DA:310,0
DA:314,1
DA:315,0
DA:316,0
DA:317,0
DA:319,0
DA:324,0
DA:329,1
DA:330,1
DA:331,1
DA:345,1
DA:346,0
DA:347,0
DA:349,0
DA:357,0
DA:363,0
DA:373,1
DA:374,1
DA:376,1
DA:378,0
DA:379,0
DA:381,0
DA:383,0
DA:384,0
DA:385,0
DA:387,0
DA:388,0
DA:391,0
DA:392,0
DA:393,0
DA:395,1
DA:396,1
DA:401,1
DA:402,0
DA:403,0
DA:404,0
DA:406,0
DA:407,0
DA:442,1
DA:443,1
DA:451,1
DA:459,1
DA:460,1
DA:466,1
DA:474,1
DA:476,1
DA:477,0
DA:478,0
DA:480,0
DA:483,0
DA:484,0
DA:488,0
DA:489,0
DA:490,0
DA:491,0
DA:493,0
DA:497,0
DA:498,0
DA:501,1
DA:502,1
DA:505,1
DA:506,0
DA:507,0
DA:515,1
LF:160
LH:98
BRDA:14,0,0,1
BRDA:14,0,1,1
BRDA:40,1,0,0
BRDA:41,2,0,1
BRDA:41,2,1,2
BRDA:43,3,0,1
BRDA:43,3,1,1
BRDA:70,4,0,1
BRDA:70,4,1,1
BRDA:87,5,0,1
BRDA:87,5,1,1
BRDA:91,6,0,110
BRDA:91,6,1,109
BRDA:121,7,0,110
BRDA:121,7,1,110
BRDA:149,8,0,0
BRDA:149,8,1,1
BRDA:171,9,0,1
BRDA:171,9,1,1
BRDA:192,10,0,1
BRDA:192,10,1,0
BRDA:195,11,0,1
BRDA:195,11,1,0
BRDA:199,12,0,0
BRDA:199,12,1,1
BRDA:207,13,0,94
BRDA:207,13,1,0
BRDA:241,14,0,0
BRDA:241,14,1,1
BRDA:290,15,0,0
BRDA:290,15,1,0
BRDA:306,16,0,0
BRDA:306,16,1,0
BRDA:332,17,0,1
BRDA:332,17,1,0
BRDA:338,18,0,1
BRDA:338,18,1,0
BRDA:340,19,0,0
BRDA:340,19,1,1
BRDA:353,20,0,0
BRDA:353,20,1,0
BRDA:360,21,0,0
BRDA:360,21,1,0
BRDA:366,22,0,0
BRDA:366,22,1,0
BRDA:374,23,0,1
BRDA:374,23,1,0
BRDA:376,24,0,0
BRDA:376,24,1,0
BRDA:376,24,2,0
BRDA:376,24,3,1
BRDA:404,25,0,0
BRDA:404,25,1,0
BRDA:416,26,0,0
BRDA:416,26,1,0
BRDA:424,27,0,0
BRDA:424,27,1,0
BRDA:428,28,0,0
BRDA:428,28,1,0
BRDA:452,29,0,0
BRDA:452,29,1,1
BRDA:477,30,0,0
BRDA:477,30,1,0
BRDA:505,31,0,0
BRDA:505,31,1,1
BRDA:508,32,0,0
BRDA:508,32,1,0
BRDA:509,33,0,0
BRDA:509,33,1,0
BRF:69
BRH:29
end_of_record
