<?xml version="1.0" encoding="UTF-8"?>
<testsuites name="jest tests" tests="2" failures="0" errors="0" time="1.209">
  <testsuite name="Load and Performance Tests" errors="0" failures="0" skipped="0" timestamp="2026-09-04T15:05:05" time="1.187" tests="2">
    <testcase classname="Load and Performance Tests should handle concurrent requests" name="Load and Performance Tests should handle concurrent requests" time="0.126">
    </testcase>
    <testcase classname="Load and Performance Tests should maintain performance under load" name="Load and Performance Tests should maintain performance under load" time="0.373">
    </testcase>
  </testsuite>
</testsuites>